<?xml version="1.0" encoding="UTF-8"?>
<testsuite xmlns:xsi="http://www.w3.org/2001/XMLSchema-instance" xsi:noNamespaceSchemaLocation="https://maven.apache.org/surefire/maven-surefire-plugin/xsd/surefire-test-report.xsd" name="com.imooc.test.PWDTest" time="0.003" tests="0" errors="0" skipped="0" failures="0">
  <properties>
    <property name="sun.desktop" value="windows"/>
    <property name="awt.toolkit" value="sun.awt.windows.WToolkit"/>
    <property name="file.encoding.pkg" value="sun.io"/>
    <property name="java.specification.version" value="1.8"/>
    <property name="sun.cpu.isalist" value="amd64"/>
    <property name="sun.jnu.encoding" value="GBK"/>
    <property name="java.class.path" value="C:\Users\ljw20\Downloads\distributed-session-master\imooc-news-dev\imooc-news-dev-service-api\target\test-classes;C:\Users\ljw20\Downloads\distributed-session-master\imooc-news-dev\imooc-news-dev-service-api\target\classes;C:\Users\ljw20\Downloads\distributed-session-master\imooc-news-dev\imooc-news-dev-model\target\imooc-news-dev-model.jar;C:\Users\ljw20\Downloads\distributed-session-master\imooc-news-dev\imooc-news-dev-common\target\imooc-news-dev-common.jar;C:\MyRepository\org\springframework\boot\spring-boot-starter\2.2.5.RELEASE\spring-boot-starter-2.2.5.RELEASE.jar;C:\MyRepository\org\springframework\boot\spring-boot\2.2.5.RELEASE\spring-boot-2.2.5.RELEASE.jar;C:\MyRepository\org\springframework\boot\spring-boot-starter-logging\2.2.5.RELEASE\spring-boot-starter-logging-2.2.5.RELEASE.jar;C:\MyRepository\ch\qos\logback\logback-classic\1.2.3\logback-classic-1.2.3.jar;C:\MyRepository\ch\qos\logback\logback-core\1.2.3\logback-core-1.2.3.jar;C:\MyRepository\org\apache\logging\log4j\log4j-to-slf4j\2.12.1\log4j-to-slf4j-2.12.1.jar;C:\MyRepository\org\apache\logging\log4j\log4j-api\2.12.1\log4j-api-2.12.1.jar;C:\MyRepository\org\slf4j\jul-to-slf4j\1.7.21\jul-to-slf4j-1.7.21.jar;C:\MyRepository\jakarta\annotation\jakarta.annotation-api\1.3.5\jakarta.annotation-api-1.3.5.jar;C:\MyRepository\org\yaml\snakeyaml\1.25\snakeyaml-1.25.jar;C:\MyRepository\org\springframework\boot\spring-boot-starter-web\2.2.5.RELEASE\spring-boot-starter-web-2.2.5.RELEASE.jar;C:\MyRepository\org\springframework\boot\spring-boot-starter-json\2.2.5.RELEASE\spring-boot-starter-json-2.2.5.RELEASE.jar;C:\MyRepository\com\fasterxml\jackson\datatype\jackson-datatype-jdk8\2.10.2\jackson-datatype-jdk8-2.10.2.jar;C:\MyRepository\com\fasterxml\jackson\datatype\jackson-datatype-jsr310\2.10.2\jackson-datatype-jsr310-2.10.2.jar;C:\MyRepository\com\fasterxml\jackson\module\jackson-module-parameter-names\2.10.2\jackson-module-parameter-names-2.10.2.jar;C:\MyRepository\org\springframework\boot\spring-boot-starter-tomcat\2.2.5.RELEASE\spring-boot-starter-tomcat-2.2.5.RELEASE.jar;C:\MyRepository\org\apache\tomcat\embed\tomcat-embed-core\9.0.31\tomcat-embed-core-9.0.31.jar;C:\MyRepository\org\apache\tomcat\embed\tomcat-embed-el\9.0.31\tomcat-embed-el-9.0.31.jar;C:\MyRepository\org\apache\tomcat\embed\tomcat-embed-websocket\9.0.31\tomcat-embed-websocket-9.0.31.jar;C:\MyRepository\org\springframework\boot\spring-boot-starter-validation\2.2.5.RELEASE\spring-boot-starter-validation-2.2.5.RELEASE.jar;C:\MyRepository\jakarta\validation\jakarta.validation-api\2.0.2\jakarta.validation-api-2.0.2.jar;C:\MyRepository\org\hibernate\validator\hibernate-validator\6.0.18.Final\hibernate-validator-6.0.18.Final.jar;C:\MyRepository\org\jboss\logging\jboss-logging\3.4.1.Final\jboss-logging-3.4.1.Final.jar;C:\MyRepository\org\springframework\spring-webmvc\5.2.4.RELEASE\spring-webmvc-5.2.4.RELEASE.jar;C:\MyRepository\org\springframework\boot\spring-boot-configuration-processor\2.2.5.RELEASE\spring-boot-configuration-processor-2.2.5.RELEASE.jar;C:\MyRepository\org\springframework\boot\spring-boot-starter-aop\2.2.5.RELEASE\spring-boot-starter-aop-2.2.5.RELEASE.jar;C:\MyRepository\org\aspectj\aspectjweaver\1.9.5\aspectjweaver-1.9.5.jar;C:\MyRepository\org\springframework\boot\spring-boot-starter-data-redis\2.2.5.RELEASE\spring-boot-starter-data-redis-2.2.5.RELEASE.jar;C:\MyRepository\org\springframework\data\spring-data-redis\2.2.5.RELEASE\spring-data-redis-2.2.5.RELEASE.jar;C:\MyRepository\org\springframework\data\spring-data-keyvalue\2.2.5.RELEASE\spring-data-keyvalue-2.2.5.RELEASE.jar;C:\MyRepository\org\springframework\data\spring-data-commons\2.2.5.RELEASE\spring-data-commons-2.2.5.RELEASE.jar;C:\MyRepository\org\springframework\spring-tx\5.2.4.RELEASE\spring-tx-5.2.4.RELEASE.jar;C:\MyRepository\org\springframework\spring-oxm\5.2.4.RELEASE\spring-oxm-5.2.4.RELEASE.jar;C:\MyRepository\org\springframework\spring-context-support\5.2.4.RELEASE\spring-context-support-5.2.4.RELEASE.jar;C:\MyRepository\io\lettuce\lettuce-core\5.2.2.RELEASE\lettuce-core-5.2.2.RELEASE.jar;C:\MyRepository\io\netty\netty-common\4.1.45.Final\netty-common-4.1.45.Final.jar;C:\MyRepository\io\netty\netty-handler\4.1.45.Final\netty-handler-4.1.45.Final.jar;C:\MyRepository\io\netty\netty-buffer\4.1.45.Final\netty-buffer-4.1.45.Final.jar;C:\MyRepository\io\netty\netty-codec\4.1.45.Final\netty-codec-4.1.45.Final.jar;C:\MyRepository\io\netty\netty-transport\4.1.45.Final\netty-transport-4.1.45.Final.jar;C:\MyRepository\io\netty\netty-resolver\4.1.45.Final\netty-resolver-4.1.45.Final.jar;C:\MyRepository\io\projectreactor\reactor-core\3.3.3.RELEASE\reactor-core-3.3.3.RELEASE.jar;C:\MyRepository\org\reactivestreams\reactive-streams\1.0.3\reactive-streams-1.0.3.jar;C:\MyRepository\com\squareup\okhttp3\okhttp\4.2.1\okhttp-4.2.1.jar;C:\MyRepository\com\squareup\okio\okio\2.2.2\okio-2.2.2.jar;C:\MyRepository\org\jetbrains\kotlin\kotlin-stdlib\1.3.61\kotlin-stdlib-1.3.61.jar;C:\MyRepository\org\jetbrains\kotlin\kotlin-stdlib-common\1.3.61\kotlin-stdlib-common-1.3.61.jar;C:\MyRepository\org\jetbrains\annotations\13.0\annotations-13.0.jar;C:\MyRepository\com\fasterxml\jackson\core\jackson-core\2.10.2\jackson-core-2.10.2.jar;C:\MyRepository\com\fasterxml\jackson\core\jackson-annotations\2.10.2\jackson-annotations-2.10.2.jar;C:\MyRepository\com\fasterxml\jackson\core\jackson-databind\2.10.2\jackson-databind-2.10.2.jar;C:\MyRepository\commons-codec\commons-codec\1.11\commons-codec-1.11.jar;C:\MyRepository\org\apache\commons\commons-lang3\3.4\commons-lang3-3.4.jar;C:\MyRepository\commons-fileupload\commons-fileupload\1.4\commons-fileupload-1.4.jar;C:\MyRepository\commons-io\commons-io\2.2\commons-io-2.2.jar;C:\MyRepository\joda-time\joda-time\2.10.6\joda-time-2.10.6.jar;C:\MyRepository\com\aliyun\aliyun-java-sdk-core\4.5.16\aliyun-java-sdk-core-4.5.16.jar;C:\MyRepository\com\google\code\gson\gson\2.8.6\gson-2.8.6.jar;C:\MyRepository\org\apache\httpcomponents\httpclient\4.5.11\httpclient-4.5.11.jar;C:\MyRepository\org\apache\httpcomponents\httpcore\4.4.13\httpcore-4.4.13.jar;C:\MyRepository\commons-logging\commons-logging\1.2\commons-logging-1.2.jar;C:\MyRepository\javax\xml\bind\jaxb-api\2.3.1\jaxb-api-2.3.1.jar;C:\MyRepository\javax\activation\javax.activation-api\1.2.0\javax.activation-api-1.2.0.jar;C:\MyRepository\org\jacoco\org.jacoco.agent\0.8.6\org.jacoco.agent-0.8.6-runtime.jar;C:\MyRepository\org\ini4j\ini4j\0.5.4\ini4j-0.5.4.jar;C:\MyRepository\io\opentracing\opentracing-api\0.33.0\opentracing-api-0.33.0.jar;C:\MyRepository\io\opentracing\opentracing-util\0.33.0\opentracing-util-0.33.0.jar;C:\MyRepository\io\opentracing\opentracing-noop\0.33.0\opentracing-noop-0.33.0.jar;C:\MyRepository\com\aliyun\oss\aliyun-sdk-oss\3.10.2\aliyun-sdk-oss-3.10.2.jar;C:\MyRepository\org\jdom\jdom2\2.0.6\jdom2-2.0.6.jar;C:\MyRepository\org\codehaus\jettison\jettison\1.1\jettison-1.1.jar;C:\MyRepository\stax\stax-api\1.0.1\stax-api-1.0.1.jar;C:\MyRepository\com\aliyun\aliyun-java-sdk-ram\3.0.0\aliyun-java-sdk-ram-3.0.0.jar;C:\MyRepository\com\aliyun\aliyun-java-sdk-sts\3.0.0\aliyun-java-sdk-sts-3.0.0.jar;C:\MyRepository\com\aliyun\aliyun-java-sdk-ecs\4.2.0\aliyun-java-sdk-ecs-4.2.0.jar;C:\MyRepository\com\aliyun\aliyun-java-sdk-kms\2.7.0\aliyun-java-sdk-kms-2.7.0.jar;C:\MyRepository\mysql\mysql-connector-java\8.0.14\mysql-connector-java-8.0.14.jar;C:\MyRepository\com\google\protobuf\protobuf-java\3.11.4\protobuf-java-3.11.4.jar;C:\MyRepository\org\mybatis\spring\boot\mybatis-spring-boot-starter\2.1.0\mybatis-spring-boot-starter-2.1.0.jar;C:\MyRepository\org\springframework\boot\spring-boot-starter-jdbc\2.2.5.RELEASE\spring-boot-starter-jdbc-2.2.5.RELEASE.jar;C:\MyRepository\com\zaxxer\HikariCP\3.4.2\HikariCP-3.4.2.jar;C:\MyRepository\org\springframework\spring-jdbc\5.2.4.RELEASE\spring-jdbc-5.2.4.RELEASE.jar;C:\MyRepository\org\mybatis\spring\boot\mybatis-spring-boot-autoconfigure\2.1.0\mybatis-spring-boot-autoconfigure-2.1.0.jar;C:\MyRepository\org\mybatis\mybatis\3.5.2\mybatis-3.5.2.jar;C:\MyRepository\org\mybatis\mybatis-spring\2.0.2\mybatis-spring-2.0.2.jar;C:\MyRepository\tk\mybatis\mapper-spring-boot-starter\2.1.5\mapper-spring-boot-starter-2.1.5.jar;C:\MyRepository\tk\mybatis\mapper-core\1.1.5\mapper-core-1.1.5.jar;C:\MyRepository\javax\persistence\persistence-api\1.0\persistence-api-1.0.jar;C:\MyRepository\tk\mybatis\mapper-base\1.1.5\mapper-base-1.1.5.jar;C:\MyRepository\tk\mybatis\mapper-weekend\1.1.5\mapper-weekend-1.1.5.jar;C:\MyRepository\tk\mybatis\mapper-spring\1.1.5\mapper-spring-1.1.5.jar;C:\MyRepository\tk\mybatis\mapper-extra\1.1.5\mapper-extra-1.1.5.jar;C:\MyRepository\tk\mybatis\mapper-spring-boot-autoconfigure\2.1.5\mapper-spring-boot-autoconfigure-2.1.5.jar;C:\MyRepository\com\github\pagehelper\pagehelper-spring-boot-starter\1.2.12\pagehelper-spring-boot-starter-1.2.12.jar;C:\MyRepository\com\github\pagehelper\pagehelper-spring-boot-autoconfigure\1.2.12\pagehelper-spring-boot-autoconfigure-1.2.12.jar;C:\MyRepository\com\github\pagehelper\pagehelper\5.1.10\pagehelper-5.1.10.jar;C:\MyRepository\com\github\jsqlparser\jsqlparser\2.0\jsqlparser-2.0.jar;C:\MyRepository\io\springfox\springfox-swagger2\2.5.0\springfox-swagger2-2.5.0.jar;C:\MyRepository\io\swagger\swagger-annotations\1.5.9\swagger-annotations-1.5.9.jar;C:\MyRepository\io\swagger\swagger-models\1.5.9\swagger-models-1.5.9.jar;C:\MyRepository\io\springfox\springfox-spi\2.5.0\springfox-spi-2.5.0.jar;C:\MyRepository\io\springfox\springfox-core\2.5.0\springfox-core-2.5.0.jar;C:\MyRepository\io\springfox\springfox-schema\2.5.0\springfox-schema-2.5.0.jar;C:\MyRepository\io\springfox\springfox-swagger-common\2.5.0\springfox-swagger-common-2.5.0.jar;C:\MyRepository\io\springfox\springfox-spring-web\2.5.0\springfox-spring-web-2.5.0.jar;C:\MyRepository\com\google\guava\guava\28.2-jre\guava-28.2-jre.jar;C:\MyRepository\com\google\guava\failureaccess\1.0.1\failureaccess-1.0.1.jar;C:\MyRepository\com\google\guava\listenablefuture\9999.0-empty-to-avoid-conflict-with-guava\listenablefuture-9999.0-empty-to-avoid-conflict-with-guava.jar;C:\MyRepository\com\google\code\findbugs\jsr305\3.0.2\jsr305-3.0.2.jar;C:\MyRepository\org\checkerframework\checker-qual\2.10.0\checker-qual-2.10.0.jar;C:\MyRepository\com\google\errorprone\error_prone_annotations\2.3.4\error_prone_annotations-2.3.4.jar;C:\MyRepository\com\google\j2objc\j2objc-annotations\1.3\j2objc-annotations-1.3.jar;C:\MyRepository\com\fasterxml\classmate\1.5.1\classmate-1.5.1.jar;C:\MyRepository\org\slf4j\slf4j-api\1.7.21\slf4j-api-1.7.21.jar;C:\MyRepository\org\springframework\plugin\spring-plugin-core\1.2.0.RELEASE\spring-plugin-core-1.2.0.RELEASE.jar;C:\MyRepository\org\springframework\spring-beans\5.2.4.RELEASE\spring-beans-5.2.4.RELEASE.jar;C:\MyRepository\org\springframework\spring-context\5.2.4.RELEASE\spring-context-5.2.4.RELEASE.jar;C:\MyRepository\org\springframework\spring-expression\5.2.4.RELEASE\spring-expression-5.2.4.RELEASE.jar;C:\MyRepository\org\springframework\spring-aop\5.2.4.RELEASE\spring-aop-5.2.4.RELEASE.jar;C:\MyRepository\org\springframework\plugin\spring-plugin-metadata\1.2.0.RELEASE\spring-plugin-metadata-1.2.0.RELEASE.jar;C:\MyRepository\org\mapstruct\mapstruct\1.0.0.Final\mapstruct-1.0.0.Final.jar;C:\MyRepository\io\springfox\springfox-swagger-ui\2.5.0\springfox-swagger-ui-2.5.0.jar;C:\MyRepository\com\github\xiaoymin\swagger-bootstrap-ui\1.7\swagger-bootstrap-ui-1.7.jar;C:\MyRepository\org\springframework\cloud\spring-cloud-starter-openfeign\2.2.2.RELEASE\spring-cloud-starter-openfeign-2.2.2.RELEASE.jar;C:\MyRepository\org\springframework\cloud\spring-cloud-starter\2.2.2.RELEASE\spring-cloud-starter-2.2.2.RELEASE.jar;C:\MyRepository\org\springframework\cloud\spring-cloud-context\2.2.2.RELEASE\spring-cloud-context-2.2.2.RELEASE.jar;C:\MyRepository\org\springframework\security\spring-security-rsa\1.0.9.RELEASE\spring-security-rsa-1.0.9.RELEASE.jar;C:\MyRepository\org\bouncycastle\bcpkix-jdk15on\1.64\bcpkix-jdk15on-1.64.jar;C:\MyRepository\org\bouncycastle\bcprov-jdk15on\1.64\bcprov-jdk15on-1.64.jar;C:\MyRepository\org\springframework\cloud\spring-cloud-openfeign-core\2.2.2.RELEASE\spring-cloud-openfeign-core-2.2.2.RELEASE.jar;C:\MyRepository\org\springframework\boot\spring-boot-autoconfigure\2.2.5.RELEASE\spring-boot-autoconfigure-2.2.5.RELEASE.jar;C:\MyRepository\org\springframework\cloud\spring-cloud-netflix-ribbon\2.2.2.RELEASE\spring-cloud-netflix-ribbon-2.2.2.RELEASE.jar;C:\MyRepository\org\springframework\cloud\spring-cloud-netflix-archaius\2.2.2.RELEASE\spring-cloud-netflix-archaius-2.2.2.RELEASE.jar;C:\MyRepository\io\github\openfeign\form\feign-form-spring\3.8.0\feign-form-spring-3.8.0.jar;C:\MyRepository\io\github\openfeign\form\feign-form\3.8.0\feign-form-3.8.0.jar;C:\MyRepository\org\springframework\spring-web\5.2.4.RELEASE\spring-web-5.2.4.RELEASE.jar;C:\MyRepository\org\springframework\spring-core\5.2.4.RELEASE\spring-core-5.2.4.RELEASE.jar;C:\MyRepository\org\springframework\spring-jcl\5.2.4.RELEASE\spring-jcl-5.2.4.RELEASE.jar;C:\MyRepository\org\springframework\cloud\spring-cloud-commons\2.2.2.RELEASE\spring-cloud-commons-2.2.2.RELEASE.jar;C:\MyRepository\org\springframework\security\spring-security-crypto\5.2.2.RELEASE\spring-security-crypto-5.2.2.RELEASE.jar;C:\MyRepository\io\github\openfeign\feign-core\10.7.4\feign-core-10.7.4.jar;C:\MyRepository\io\github\openfeign\feign-slf4j\10.7.4\feign-slf4j-10.7.4.jar;C:\MyRepository\io\github\openfeign\feign-hystrix\10.7.4\feign-hystrix-10.7.4.jar;C:\MyRepository\com\netflix\archaius\archaius-core\0.7.6\archaius-core-0.7.6.jar;C:\MyRepository\commons-configuration\commons-configuration\1.8\commons-configuration-1.8.jar;C:\MyRepository\commons-lang\commons-lang\2.6\commons-lang-2.6.jar;C:\MyRepository\com\netflix\hystrix\hystrix-core\1.5.18\hystrix-core-1.5.18.jar;C:\MyRepository\io\reactivex\rxjava\1.3.8\rxjava-1.3.8.jar;C:\MyRepository\org\hdrhistogram\HdrHistogram\2.1.9\HdrHistogram-2.1.9.jar;"/>
    <property name="java.vm.vendor" value="Oracle Corporation"/>
    <property name="sun.arch.data.model" value="64"/>
    <property name="user.variant" value=""/>
    <property name="java.vendor.url" value="http://java.oracle.com/"/>
    <property name="user.timezone" value="Asia/Shanghai"/>
    <property name="java.vm.specification.version" value="1.8"/>
    <property name="os.name" value="Windows 10"/>
    <property name="user.country" value="CN"/>
    <property name="sun.java.launcher" value="SUN_STANDARD"/>
    <property name="sun.boot.library.path" value="C:\Program Files\Java\jdk1.8.0_241\jre\bin"/>
    <property name="sun.java.command" value="C:\Users\ljw20\AppData\Local\Temp\surefire7257940318065730577\surefirebooter2024977996877603201.jar C:\Users\ljw20\AppData\Local\Temp\surefire7257940318065730577 2021-09-29T00-17-06_943-jvmRun1 surefire2805142626399765163tmp surefire_02268384122985035931tmp"/>
    <property name="surefire.test.class.path" value="C:\Users\ljw20\Downloads\distributed-session-master\imooc-news-dev\imooc-news-dev-service-api\target\test-classes;C:\Users\ljw20\Downloads\distributed-session-master\imooc-news-dev\imooc-news-dev-service-api\target\classes;C:\Users\ljw20\Downloads\distributed-session-master\imooc-news-dev\imooc-news-dev-model\target\imooc-news-dev-model.jar;C:\Users\ljw20\Downloads\distributed-session-master\imooc-news-dev\imooc-news-dev-common\target\imooc-news-dev-common.jar;C:\MyRepository\org\springframework\boot\spring-boot-starter\2.2.5.RELEASE\spring-boot-starter-2.2.5.RELEASE.jar;C:\MyRepository\org\springframework\boot\spring-boot\2.2.5.RELEASE\spring-boot-2.2.5.RELEASE.jar;C:\MyRepository\org\springframework\boot\spring-boot-starter-logging\2.2.5.RELEASE\spring-boot-starter-logging-2.2.5.RELEASE.jar;C:\MyRepository\ch\qos\logback\logback-classic\1.2.3\logback-classic-1.2.3.jar;C:\MyRepository\ch\qos\logback\logback-core\1.2.3\logback-core-1.2.3.jar;C:\MyRepository\org\apache\logging\log4j\log4j-to-slf4j\2.12.1\log4j-to-slf4j-2.12.1.jar;C:\MyRepository\org\apache\logging\log4j\log4j-api\2.12.1\log4j-api-2.12.1.jar;C:\MyRepository\org\slf4j\jul-to-slf4j\1.7.21\jul-to-slf4j-1.7.21.jar;C:\MyRepository\jakarta\annotation\jakarta.annotation-api\1.3.5\jakarta.annotation-api-1.3.5.jar;C:\MyRepository\org\yaml\snakeyaml\1.25\snakeyaml-1.25.jar;C:\MyRepository\org\springframework\boot\spring-boot-starter-web\2.2.5.RELEASE\spring-boot-starter-web-2.2.5.RELEASE.jar;C:\MyRepository\org\springframework\boot\spring-boot-starter-json\2.2.5.RELEASE\spring-boot-starter-json-2.2.5.RELEASE.jar;C:\MyRepository\com\fasterxml\jackson\datatype\jackson-datatype-jdk8\2.10.2\jackson-datatype-jdk8-2.10.2.jar;C:\MyRepository\com\fasterxml\jackson\datatype\jackson-datatype-jsr310\2.10.2\jackson-datatype-jsr310-2.10.2.jar;C:\MyRepository\com\fasterxml\jackson\module\jackson-module-parameter-names\2.10.2\jackson-module-parameter-names-2.10.2.jar;C:\MyRepository\org\springframework\boot\spring-boot-starter-tomcat\2.2.5.RELEASE\spring-boot-starter-tomcat-2.2.5.RELEASE.jar;C:\MyRepository\org\apache\tomcat\embed\tomcat-embed-core\9.0.31\tomcat-embed-core-9.0.31.jar;C:\MyRepository\org\apache\tomcat\embed\tomcat-embed-el\9.0.31\tomcat-embed-el-9.0.31.jar;C:\MyRepository\org\apache\tomcat\embed\tomcat-embed-websocket\9.0.31\tomcat-embed-websocket-9.0.31.jar;C:\MyRepository\org\springframework\boot\spring-boot-starter-validation\2.2.5.RELEASE\spring-boot-starter-validation-2.2.5.RELEASE.jar;C:\MyRepository\jakarta\validation\jakarta.validation-api\2.0.2\jakarta.validation-api-2.0.2.jar;C:\MyRepository\org\hibernate\validator\hibernate-validator\6.0.18.Final\hibernate-validator-6.0.18.Final.jar;C:\MyRepository\org\jboss\logging\jboss-logging\3.4.1.Final\jboss-logging-3.4.1.Final.jar;C:\MyRepository\org\springframework\spring-webmvc\5.2.4.RELEASE\spring-webmvc-5.2.4.RELEASE.jar;C:\MyRepository\org\springframework\boot\spring-boot-configuration-processor\2.2.5.RELEASE\spring-boot-configuration-processor-2.2.5.RELEASE.jar;C:\MyRepository\org\springframework\boot\spring-boot-starter-aop\2.2.5.RELEASE\spring-boot-starter-aop-2.2.5.RELEASE.jar;C:\MyRepository\org\aspectj\aspectjweaver\1.9.5\aspectjweaver-1.9.5.jar;C:\MyRepository\org\springframework\boot\spring-boot-starter-data-redis\2.2.5.RELEASE\spring-boot-starter-data-redis-2.2.5.RELEASE.jar;C:\MyRepository\org\springframework\data\spring-data-redis\2.2.5.RELEASE\spring-data-redis-2.2.5.RELEASE.jar;C:\MyRepository\org\springframework\data\spring-data-keyvalue\2.2.5.RELEASE\spring-data-keyvalue-2.2.5.RELEASE.jar;C:\MyRepository\org\springframework\data\spring-data-commons\2.2.5.RELEASE\spring-data-commons-2.2.5.RELEASE.jar;C:\MyRepository\org\springframework\spring-tx\5.2.4.RELEASE\spring-tx-5.2.4.RELEASE.jar;C:\MyRepository\org\springframework\spring-oxm\5.2.4.RELEASE\spring-oxm-5.2.4.RELEASE.jar;C:\MyRepository\org\springframework\spring-context-support\5.2.4.RELEASE\spring-context-support-5.2.4.RELEASE.jar;C:\MyRepository\io\lettuce\lettuce-core\5.2.2.RELEASE\lettuce-core-5.2.2.RELEASE.jar;C:\MyRepository\io\netty\netty-common\4.1.45.Final\netty-common-4.1.45.Final.jar;C:\MyRepository\io\netty\netty-handler\4.1.45.Final\netty-handler-4.1.45.Final.jar;C:\MyRepository\io\netty\netty-buffer\4.1.45.Final\netty-buffer-4.1.45.Final.jar;C:\MyRepository\io\netty\netty-codec\4.1.45.Final\netty-codec-4.1.45.Final.jar;C:\MyRepository\io\netty\netty-transport\4.1.45.Final\netty-transport-4.1.45.Final.jar;C:\MyRepository\io\netty\netty-resolver\4.1.45.Final\netty-resolver-4.1.45.Final.jar;C:\MyRepository\io\projectreactor\reactor-core\3.3.3.RELEASE\reactor-core-3.3.3.RELEASE.jar;C:\MyRepository\org\reactivestreams\reactive-streams\1.0.3\reactive-streams-1.0.3.jar;C:\MyRepository\com\squareup\okhttp3\okhttp\4.2.1\okhttp-4.2.1.jar;C:\MyRepository\com\squareup\okio\okio\2.2.2\okio-2.2.2.jar;C:\MyRepository\org\jetbrains\kotlin\kotlin-stdlib\1.3.61\kotlin-stdlib-1.3.61.jar;C:\MyRepository\org\jetbrains\kotlin\kotlin-stdlib-common\1.3.61\kotlin-stdlib-common-1.3.61.jar;C:\MyRepository\org\jetbrains\annotations\13.0\annotations-13.0.jar;C:\MyRepository\com\fasterxml\jackson\core\jackson-core\2.10.2\jackson-core-2.10.2.jar;C:\MyRepository\com\fasterxml\jackson\core\jackson-annotations\2.10.2\jackson-annotations-2.10.2.jar;C:\MyRepository\com\fasterxml\jackson\core\jackson-databind\2.10.2\jackson-databind-2.10.2.jar;C:\MyRepository\commons-codec\commons-codec\1.11\commons-codec-1.11.jar;C:\MyRepository\org\apache\commons\commons-lang3\3.4\commons-lang3-3.4.jar;C:\MyRepository\commons-fileupload\commons-fileupload\1.4\commons-fileupload-1.4.jar;C:\MyRepository\commons-io\commons-io\2.2\commons-io-2.2.jar;C:\MyRepository\joda-time\joda-time\2.10.6\joda-time-2.10.6.jar;C:\MyRepository\com\aliyun\aliyun-java-sdk-core\4.5.16\aliyun-java-sdk-core-4.5.16.jar;C:\MyRepository\com\google\code\gson\gson\2.8.6\gson-2.8.6.jar;C:\MyRepository\org\apache\httpcomponents\httpclient\4.5.11\httpclient-4.5.11.jar;C:\MyRepository\org\apache\httpcomponents\httpcore\4.4.13\httpcore-4.4.13.jar;C:\MyRepository\commons-logging\commons-logging\1.2\commons-logging-1.2.jar;C:\MyRepository\javax\xml\bind\jaxb-api\2.3.1\jaxb-api-2.3.1.jar;C:\MyRepository\javax\activation\javax.activation-api\1.2.0\javax.activation-api-1.2.0.jar;C:\MyRepository\org\jacoco\org.jacoco.agent\0.8.6\org.jacoco.agent-0.8.6-runtime.jar;C:\MyRepository\org\ini4j\ini4j\0.5.4\ini4j-0.5.4.jar;C:\MyRepository\io\opentracing\opentracing-api\0.33.0\opentracing-api-0.33.0.jar;C:\MyRepository\io\opentracing\opentracing-util\0.33.0\opentracing-util-0.33.0.jar;C:\MyRepository\io\opentracing\opentracing-noop\0.33.0\opentracing-noop-0.33.0.jar;C:\MyRepository\com\aliyun\oss\aliyun-sdk-oss\3.10.2\aliyun-sdk-oss-3.10.2.jar;C:\MyRepository\org\jdom\jdom2\2.0.6\jdom2-2.0.6.jar;C:\MyRepository\org\codehaus\jettison\jettison\1.1\jettison-1.1.jar;C:\MyRepository\stax\stax-api\1.0.1\stax-api-1.0.1.jar;C:\MyRepository\com\aliyun\aliyun-java-sdk-ram\3.0.0\aliyun-java-sdk-ram-3.0.0.jar;C:\MyRepository\com\aliyun\aliyun-java-sdk-sts\3.0.0\aliyun-java-sdk-sts-3.0.0.jar;C:\MyRepository\com\aliyun\aliyun-java-sdk-ecs\4.2.0\aliyun-java-sdk-ecs-4.2.0.jar;C:\MyRepository\com\aliyun\aliyun-java-sdk-kms\2.7.0\aliyun-java-sdk-kms-2.7.0.jar;C:\MyRepository\mysql\mysql-connector-java\8.0.14\mysql-connector-java-8.0.14.jar;C:\MyRepository\com\google\protobuf\protobuf-java\3.11.4\protobuf-java-3.11.4.jar;C:\MyRepository\org\mybatis\spring\boot\mybatis-spring-boot-starter\2.1.0\mybatis-spring-boot-starter-2.1.0.jar;C:\MyRepository\org\springframework\boot\spring-boot-starter-jdbc\2.2.5.RELEASE\spring-boot-starter-jdbc-2.2.5.RELEASE.jar;C:\MyRepository\com\zaxxer\HikariCP\3.4.2\HikariCP-3.4.2.jar;C:\MyRepository\org\springframework\spring-jdbc\5.2.4.RELEASE\spring-jdbc-5.2.4.RELEASE.jar;C:\MyRepository\org\mybatis\spring\boot\mybatis-spring-boot-autoconfigure\2.1.0\mybatis-spring-boot-autoconfigure-2.1.0.jar;C:\MyRepository\org\mybatis\mybatis\3.5.2\mybatis-3.5.2.jar;C:\MyRepository\org\mybatis\mybatis-spring\2.0.2\mybatis-spring-2.0.2.jar;C:\MyRepository\tk\mybatis\mapper-spring-boot-starter\2.1.5\mapper-spring-boot-starter-2.1.5.jar;C:\MyRepository\tk\mybatis\mapper-core\1.1.5\mapper-core-1.1.5.jar;C:\MyRepository\javax\persistence\persistence-api\1.0\persistence-api-1.0.jar;C:\MyRepository\tk\mybatis\mapper-base\1.1.5\mapper-base-1.1.5.jar;C:\MyRepository\tk\mybatis\mapper-weekend\1.1.5\mapper-weekend-1.1.5.jar;C:\MyRepository\tk\mybatis\mapper-spring\1.1.5\mapper-spring-1.1.5.jar;C:\MyRepository\tk\mybatis\mapper-extra\1.1.5\mapper-extra-1.1.5.jar;C:\MyRepository\tk\mybatis\mapper-spring-boot-autoconfigure\2.1.5\mapper-spring-boot-autoconfigure-2.1.5.jar;C:\MyRepository\com\github\pagehelper\pagehelper-spring-boot-starter\1.2.12\pagehelper-spring-boot-starter-1.2.12.jar;C:\MyRepository\com\github\pagehelper\pagehelper-spring-boot-autoconfigure\1.2.12\pagehelper-spring-boot-autoconfigure-1.2.12.jar;C:\MyRepository\com\github\pagehelper\pagehelper\5.1.10\pagehelper-5.1.10.jar;C:\MyRepository\com\github\jsqlparser\jsqlparser\2.0\jsqlparser-2.0.jar;C:\MyRepository\io\springfox\springfox-swagger2\2.5.0\springfox-swagger2-2.5.0.jar;C:\MyRepository\io\swagger\swagger-annotations\1.5.9\swagger-annotations-1.5.9.jar;C:\MyRepository\io\swagger\swagger-models\1.5.9\swagger-models-1.5.9.jar;C:\MyRepository\io\springfox\springfox-spi\2.5.0\springfox-spi-2.5.0.jar;C:\MyRepository\io\springfox\springfox-core\2.5.0\springfox-core-2.5.0.jar;C:\MyRepository\io\springfox\springfox-schema\2.5.0\springfox-schema-2.5.0.jar;C:\MyRepository\io\springfox\springfox-swagger-common\2.5.0\springfox-swagger-common-2.5.0.jar;C:\MyRepository\io\springfox\springfox-spring-web\2.5.0\springfox-spring-web-2.5.0.jar;C:\MyRepository\com\google\guava\guava\28.2-jre\guava-28.2-jre.jar;C:\MyRepository\com\google\guava\failureaccess\1.0.1\failureaccess-1.0.1.jar;C:\MyRepository\com\google\guava\listenablefuture\9999.0-empty-to-avoid-conflict-with-guava\listenablefuture-9999.0-empty-to-avoid-conflict-with-guava.jar;C:\MyRepository\com\google\code\findbugs\jsr305\3.0.2\jsr305-3.0.2.jar;C:\MyRepository\org\checkerframework\checker-qual\2.10.0\checker-qual-2.10.0.jar;C:\MyRepository\com\google\errorprone\error_prone_annotations\2.3.4\error_prone_annotations-2.3.4.jar;C:\MyRepository\com\google\j2objc\j2objc-annotations\1.3\j2objc-annotations-1.3.jar;C:\MyRepository\com\fasterxml\classmate\1.5.1\classmate-1.5.1.jar;C:\MyRepository\org\slf4j\slf4j-api\1.7.21\slf4j-api-1.7.21.jar;C:\MyRepository\org\springframework\plugin\spring-plugin-core\1.2.0.RELEASE\spring-plugin-core-1.2.0.RELEASE.jar;C:\MyRepository\org\springframework\spring-beans\5.2.4.RELEASE\spring-beans-5.2.4.RELEASE.jar;C:\MyRepository\org\springframework\spring-context\5.2.4.RELEASE\spring-context-5.2.4.RELEASE.jar;C:\MyRepository\org\springframework\spring-expression\5.2.4.RELEASE\spring-expression-5.2.4.RELEASE.jar;C:\MyRepository\org\springframework\spring-aop\5.2.4.RELEASE\spring-aop-5.2.4.RELEASE.jar;C:\MyRepository\org\springframework\plugin\spring-plugin-metadata\1.2.0.RELEASE\spring-plugin-metadata-1.2.0.RELEASE.jar;C:\MyRepository\org\mapstruct\mapstruct\1.0.0.Final\mapstruct-1.0.0.Final.jar;C:\MyRepository\io\springfox\springfox-swagger-ui\2.5.0\springfox-swagger-ui-2.5.0.jar;C:\MyRepository\com\github\xiaoymin\swagger-bootstrap-ui\1.7\swagger-bootstrap-ui-1.7.jar;C:\MyRepository\org\springframework\cloud\spring-cloud-starter-openfeign\2.2.2.RELEASE\spring-cloud-starter-openfeign-2.2.2.RELEASE.jar;C:\MyRepository\org\springframework\cloud\spring-cloud-starter\2.2.2.RELEASE\spring-cloud-starter-2.2.2.RELEASE.jar;C:\MyRepository\org\springframework\cloud\spring-cloud-context\2.2.2.RELEASE\spring-cloud-context-2.2.2.RELEASE.jar;C:\MyRepository\org\springframework\security\spring-security-rsa\1.0.9.RELEASE\spring-security-rsa-1.0.9.RELEASE.jar;C:\MyRepository\org\bouncycastle\bcpkix-jdk15on\1.64\bcpkix-jdk15on-1.64.jar;C:\MyRepository\org\bouncycastle\bcprov-jdk15on\1.64\bcprov-jdk15on-1.64.jar;C:\MyRepository\org\springframework\cloud\spring-cloud-openfeign-core\2.2.2.RELEASE\spring-cloud-openfeign-core-2.2.2.RELEASE.jar;C:\MyRepository\org\springframework\boot\spring-boot-autoconfigure\2.2.5.RELEASE\spring-boot-autoconfigure-2.2.5.RELEASE.jar;C:\MyRepository\org\springframework\cloud\spring-cloud-netflix-ribbon\2.2.2.RELEASE\spring-cloud-netflix-ribbon-2.2.2.RELEASE.jar;C:\MyRepository\org\springframework\cloud\spring-cloud-netflix-archaius\2.2.2.RELEASE\spring-cloud-netflix-archaius-2.2.2.RELEASE.jar;C:\MyRepository\io\github\openfeign\form\feign-form-spring\3.8.0\feign-form-spring-3.8.0.jar;C:\MyRepository\io\github\openfeign\form\feign-form\3.8.0\feign-form-3.8.0.jar;C:\MyRepository\org\springframework\spring-web\5.2.4.RELEASE\spring-web-5.2.4.RELEASE.jar;C:\MyRepository\org\springframework\spring-core\5.2.4.RELEASE\spring-core-5.2.4.RELEASE.jar;C:\MyRepository\org\springframework\spring-jcl\5.2.4.RELEASE\spring-jcl-5.2.4.RELEASE.jar;C:\MyRepository\org\springframework\cloud\spring-cloud-commons\2.2.2.RELEASE\spring-cloud-commons-2.2.2.RELEASE.jar;C:\MyRepository\org\springframework\security\spring-security-crypto\5.2.2.RELEASE\spring-security-crypto-5.2.2.RELEASE.jar;C:\MyRepository\io\github\openfeign\feign-core\10.7.4\feign-core-10.7.4.jar;C:\MyRepository\io\github\openfeign\feign-slf4j\10.7.4\feign-slf4j-10.7.4.jar;C:\MyRepository\io\github\openfeign\feign-hystrix\10.7.4\feign-hystrix-10.7.4.jar;C:\MyRepository\com\netflix\archaius\archaius-core\0.7.6\archaius-core-0.7.6.jar;C:\MyRepository\commons-configuration\commons-configuration\1.8\commons-configuration-1.8.jar;C:\MyRepository\commons-lang\commons-lang\2.6\commons-lang-2.6.jar;C:\MyRepository\com\netflix\hystrix\hystrix-core\1.5.18\hystrix-core-1.5.18.jar;C:\MyRepository\io\reactivex\rxjava\1.3.8\rxjava-1.3.8.jar;C:\MyRepository\org\hdrhistogram\HdrHistogram\2.1.9\HdrHistogram-2.1.9.jar;"/>
    <property name="sun.cpu.endian" value="little"/>
    <property name="user.home" value="C:\Users\ljw20"/>
    <property name="user.language" value="zh"/>
    <property name="java.specification.vendor" value="Oracle Corporation"/>
    <property name="java.home" value="C:\Program Files\Java\jdk1.8.0_241\jre"/>
    <property name="basedir" value="C:\Users\ljw20\Downloads\distributed-session-master\imooc-news-dev\imooc-news-dev-service-api"/>
    <property name="file.separator" value="\"/>
    <property name="line.separator" value="&#10;"/>
    <property name="java.vm.specification.vendor" value="Oracle Corporation"/>
    <property name="java.specification.name" value="Java Platform API Specification"/>
    <property name="java.awt.graphicsenv" value="sun.awt.Win32GraphicsEnvironment"/>
    <property name="surefire.real.class.path" value="C:\Users\ljw20\AppData\Local\Temp\surefire7257940318065730577\surefirebooter2024977996877603201.jar"/>
    <property name="sun.boot.class.path" value="C:\Program Files\Java\jdk1.8.0_241\jre\lib\resources.jar;C:\Program Files\Java\jdk1.8.0_241\jre\lib\rt.jar;C:\Program Files\Java\jdk1.8.0_241\jre\lib\sunrsasign.jar;C:\Program Files\Java\jdk1.8.0_241\jre\lib\jsse.jar;C:\Program Files\Java\jdk1.8.0_241\jre\lib\jce.jar;C:\Program Files\Java\jdk1.8.0_241\jre\lib\charsets.jar;C:\Program Files\Java\jdk1.8.0_241\jre\lib\jfr.jar;C:\Program Files\Java\jdk1.8.0_241\jre\classes"/>
    <property name="user.script" value=""/>
    <property name="sun.management.compiler" value="HotSpot 64-Bit Tiered Compilers"/>
    <property name="java.runtime.version" value="1.8.0_241-b07"/>
    <property name="user.name" value="ljw20"/>
    <property name="path.separator" value=";"/>
    <property name="os.version" value="10.0"/>
    <property name="java.endorsed.dirs" value="C:\Program Files\Java\jdk1.8.0_241\jre\lib\endorsed"/>
    <property name="java.runtime.name" value="Java(TM) SE Runtime Environment"/>
    <property name="file.encoding" value="GBK"/>
    <property name="java.vm.name" value="Java HotSpot(TM) 64-Bit Server VM"/>
    <property name="localRepository" value="C:\MyRepository"/>
    <property name="java.vendor.url.bug" value="http://bugreport.sun.com/bugreport/"/>
    <property name="java.io.tmpdir" value="C:\Users\ljw20\AppData\Local\Temp\"/>
    <property name="idea.version" value="2018.3.6"/>
    <property name="java.version" value="1.8.0_241"/>
    <property name="user.dir" value="C:\Users\ljw20\Downloads\distributed-session-master\imooc-news-dev\imooc-news-dev-service-api"/>
    <property name="os.arch" value="amd64"/>
    <property name="java.vm.specification.name" value="Java Virtual Machine Specification"/>
    <property name="java.awt.printerjob" value="sun.awt.windows.WPrinterJob"/>
    <property name="sun.os.patch.level" value=""/>
    <property name="java.library.path" value="C:\Program Files\Java\jdk1.8.0_241\jre\bin;C:\WINDOWS\Sun\Java\bin;C:\WINDOWS\system32;C:\WINDOWS;C:\Program Files\Java\jdk1.8.0_241\bin;C:\Program Files (x86)\Common Files\Oracle\Java\javapath;C:\WINDOWS\system32;C:\WINDOWS;C:\WINDOWS\System32\Wbem;C:\WINDOWS\System32\WindowsPowerShell\v1.0\;C:\Program Files (x86)\Microsoft SQL Server\100\Tools\Binn\;C:\Program Files\Microsoft SQL Server\100\Tools\Binn\;C:\Program Files\Microsoft SQL Server\100\DTS\Binn\;C:\Program Files (x86)\Microsoft SQL Server\100\Tools\Binn\VSShell\Common7\IDE\;C:\Program Files (x86)\Microsoft Visual Studio 9.0\Common7\IDE\PrivateAssemblies\;C:\Program Files (x86)\Microsoft SQL Server\100\DTS\Binn\;C:\Tomcat\bin;C:\Tomcat\lib;C:\Program Files (x86)\Common Files\Autodesk Shared\;C:\WINDOWS\System32\OpenSSH\;%MAVEN_HOME%\bin;C:\Program Files\TortoiseSVN\bin;&quot;C:\Program Files\Java\jdk1.8.0_241\bin;C:\Program Files\Java\jdk1.8.0_241\jre\bin&quot;;C:\Program Files\Git\bin;C:\Program Files\MySQL\MySQL Server 8.0\bin;C:\apache-maven-3.6.0\bin;C:\Program Files (x86)\NetSarang\Xftp 7\;C:\Program Files (x86)\NetSarang\Xshell 7\;C:\Program Files\Redis;;C:\Program Files\Microsoft VS Code\bin;C:\Program Files\nodejs\;C:\Users\ljw20\AppData\Local\Microsoft\WindowsApps;C:\Users\ljw20\AppData\Roaming\npm;."/>
    <property name="java.vm.info" value="mixed mode"/>
    <property name="java.vendor" value="Oracle Corporation"/>
    <property name="java.vm.version" value="25.241-b07"/>
    <property name="java.ext.dirs" value="C:\Program Files\Java\jdk1.8.0_241\jre\lib\ext;C:\WINDOWS\Sun\Java\lib\ext"/>
    <property name="sun.io.unicode.encoding" value="UnicodeLittle"/>
    <property name="java.class.version" value="52.0"/>
  </properties>
</testsuite>